<?xml version="1.0" encoding="UTF-8"?>
<!-- Generated by org.testng.reporters.JUnitReportReporter -->
<testsuite hostname="NOI-C02FW1GQMD6N.local" failures="0" tests="3" name="com.browserstack.BStackDemoTest" time="65.941" errors="0" timestamp="2023-06-23T01:39:21 IST" skipped="0">
  <testcase classname="com.browserstack.BStackDemoTest" name="addProductToCart" time="18.152"/>
  <system-out/>
  <testcase classname="com.browserstack.BStackDemoTest" name="addProductToCart" time="24.377"/>
  <system-out/>
  <testcase classname="com.browserstack.BStackDemoTest" name="addProductToCart" time="23.412"/>
  <system-out/>
</testsuite> <!-- com.browserstack.BStackDemoTest -->
